0 info it worked if it ends with ok
1 verbose cli [ '/Users/TechMarkTool/.nvm/versions/node/v0.12.3/bin/node',
1 verbose cli   '/Users/TechMarkTool/.nvm/versions/node/v0.12.3/bin/npm',
1 verbose cli   'install',
1 verbose cli   'firebase#2.4.2' ]
2 info using npm@2.9.1
3 info using node@v0.12.3
4 verbose install initial load of /Users/TechMarkTool/workspace/nss-capstones/pitstop/lib/package.json
5 warn package.json lib@1.0.0 No description
6 warn package.json lib@1.0.0 No repository field.
7 warn package.json lib@1.0.0 No README data
8 verbose installManyTop reading scoped package data from /Users/TechMarkTool/workspace/nss-capstones/pitstop/lib/node_modules/angular/package.json
9 verbose installManyTop reading scoped package data from /Users/TechMarkTool/workspace/nss-capstones/pitstop/lib/node_modules/angular-route/package.json
10 verbose installManyTop reading scoped package data from /Users/TechMarkTool/workspace/nss-capstones/pitstop/lib/node_modules/gulp/package.json
11 verbose installManyTop reading scoped package data from /Users/TechMarkTool/workspace/nss-capstones/pitstop/lib/node_modules/gulp-jshint/package.json
12 verbose installManyTop reading scoped package data from /Users/TechMarkTool/workspace/nss-capstones/pitstop/lib/node_modules/gulp-sass/package.json
13 verbose installManyTop reading scoped package data from /Users/TechMarkTool/workspace/nss-capstones/pitstop/lib/node_modules/gulp-sourcemaps/package.json
14 verbose installManyTop reading scoped package data from /Users/TechMarkTool/workspace/nss-capstones/pitstop/lib/node_modules/gulp-util/package.json
15 verbose installManyTop reading scoped package data from /Users/TechMarkTool/workspace/nss-capstones/pitstop/lib/node_modules/gulp-watch/package.json
16 verbose installManyTop reading scoped package data from /Users/TechMarkTool/workspace/nss-capstones/pitstop/lib/node_modules/jshint/package.json
17 verbose installManyTop reading scoped package data from /Users/TechMarkTool/workspace/nss-capstones/pitstop/lib/node_modules/jshint-stylish/package.json
18 verbose readDependencies loading dependencies from /Users/TechMarkTool/workspace/nss-capstones/pitstop/lib/package.json
19 silly cache add args [ 'firebase#2.4.2', null ]
20 verbose cache add spec firebase#2.4.2
21 silly cache add parsed spec { raw: 'firebase#2.4.2',
21 silly cache add   scope: null,
21 silly cache add   name: null,
21 silly cache add   rawSpec: 'firebase#2.4.2',
21 silly cache add   spec: '/Users/TechMarkTool/workspace/nss-capstones/pitstop/lib/firebase#2.4.2',
21 silly cache add   type: 'local' }
22 error addLocal Could not install /Users/TechMarkTool/workspace/nss-capstones/pitstop/lib/firebase#2.4.2
23 verbose stack Error: ENOENT, open '/Users/TechMarkTool/workspace/nss-capstones/pitstop/lib/firebase#2.4.2'
23 verbose stack     at Error (native)
24 verbose cwd /Users/TechMarkTool/workspace/nss-capstones/pitstop/lib
25 error Darwin 15.2.0
26 error argv "/Users/TechMarkTool/.nvm/versions/node/v0.12.3/bin/node" "/Users/TechMarkTool/.nvm/versions/node/v0.12.3/bin/npm" "install" "firebase#2.4.2"
27 error node v0.12.3
28 error npm  v2.9.1
29 error path /Users/TechMarkTool/workspace/nss-capstones/pitstop/lib/firebase#2.4.2
30 error code ENOENT
31 error errno -2
32 error enoent ENOENT, open '/Users/TechMarkTool/workspace/nss-capstones/pitstop/lib/firebase#2.4.2'
32 error enoent This is most likely not a problem with npm itself
32 error enoent and is related to npm not being able to find a file.
33 verbose exit [ -2, true ]
